<?xml version="1.0" encoding="UTF-8"?>
<testng-results ignored="0" total="13" passed="13" failed="0" skipped="0">
  <reporter-output>
  </reporter-output>
  <suite started-at="2021-04-27T16:07:15 IST" name="Default suite" finished-at="2021-04-27T16:08:36 IST" duration-ms="81757">
    <groups>
    </groups>
    <test started-at="2021-04-27T16:07:15 IST" name="Default test" finished-at="2021-04-27T16:08:36 IST" duration-ms="81757">
      <class name="NewTest">
        <test-method is-config="true" signature="startBrowser()[pri:0, instance:NewTest@61d6015a]" started-at="2021-04-27T16:07:15 IST" name="startBrowser" finished-at="2021-04-27T16:07:29 IST" duration-ms="14966" status="PASS">
          <reporter-output>
          </reporter-output>
        </test-method> <!-- startBrowser -->
        <test-method signature="Test1()[pri:0, instance:NewTest@61d6015a]" started-at="2021-04-27T16:07:30 IST" name="Test1" finished-at="2021-04-27T16:07:36 IST" duration-ms="6283" status="PASS">
          <reporter-output>
          </reporter-output>
        </test-method> <!-- Test1 -->
        <test-method signature="Test2()[pri:0, instance:NewTest@61d6015a]" started-at="2021-04-27T16:07:36 IST" name="Test2" finished-at="2021-04-27T16:07:39 IST" duration-ms="3255" status="PASS">
          <reporter-output>
          </reporter-output>
        </test-method> <!-- Test2 -->
        <test-method signature="Test3()[pri:0, instance:NewTest@61d6015a]" started-at="2021-04-27T16:07:39 IST" name="Test3" finished-at="2021-04-27T16:07:44 IST" duration-ms="4643" status="PASS">
          <reporter-output>
          </reporter-output>
        </test-method> <!-- Test3 -->
        <test-method signature="Test4()[pri:0, instance:NewTest@61d6015a]" started-at="2021-04-27T16:07:44 IST" name="Test4" finished-at="2021-04-27T16:07:47 IST" duration-ms="3484" status="PASS">
          <reporter-output>
          </reporter-output>
        </test-method> <!-- Test4 -->
        <test-method signature="Test5()[pri:0, instance:NewTest@61d6015a]" started-at="2021-04-27T16:07:47 IST" name="Test5" finished-at="2021-04-27T16:07:51 IST" duration-ms="3956" status="PASS">
          <reporter-output>
          </reporter-output>
        </test-method> <!-- Test5 -->
        <test-method signature="Test6()[pri:0, instance:NewTest@61d6015a]" started-at="2021-04-27T16:07:51 IST" name="Test6" finished-at="2021-04-27T16:07:55 IST" duration-ms="3362" status="PASS">
          <reporter-output>
          </reporter-output>
        </test-method> <!-- Test6 -->
        <test-method signature="Test7()[pri:0, instance:NewTest@61d6015a]" started-at="2021-04-27T16:07:55 IST" name="Test7" finished-at="2021-04-27T16:07:58 IST" duration-ms="3319" status="PASS">
          <reporter-output>
          </reporter-output>
        </test-method> <!-- Test7 -->
        <test-method signature="Test8()[pri:0, instance:NewTest@61d6015a]" started-at="2021-04-27T16:07:58 IST" name="Test8" finished-at="2021-04-27T16:08:01 IST" duration-ms="2815" status="PASS">
          <reporter-output>
          </reporter-output>
        </test-method> <!-- Test8 -->
        <test-method signature="Test9()[pri:0, instance:NewTest@61d6015a]" started-at="2021-04-27T16:08:01 IST" name="Test9" finished-at="2021-04-27T16:08:04 IST" duration-ms="3606" status="PASS">
          <reporter-output>
          </reporter-output>
        </test-method> <!-- Test9 -->
        <test-method signature="Test10()[pri:1, instance:NewTest@61d6015a]" started-at="2021-04-27T16:08:04 IST" name="Test10" finished-at="2021-04-27T16:08:15 IST" duration-ms="10861" status="PASS">
          <reporter-output>
          </reporter-output>
        </test-method> <!-- Test10 -->
        <test-method signature="Test11()[pri:2, instance:NewTest@61d6015a]" started-at="2021-04-27T16:08:15 IST" name="Test11" finished-at="2021-04-27T16:08:24 IST" duration-ms="8825" status="PASS">
          <reporter-output>
          </reporter-output>
        </test-method> <!-- Test11 -->
        <test-method signature="Test12()[pri:3, instance:NewTest@61d6015a]" started-at="2021-04-27T16:08:24 IST" name="Test12" finished-at="2021-04-27T16:08:31 IST" duration-ms="7020" status="PASS">
          <reporter-output>
          </reporter-output>
        </test-method> <!-- Test12 -->
        <test-method signature="Test13()[pri:4, instance:NewTest@61d6015a]" started-at="2021-04-27T16:08:31 IST" name="Test13" finished-at="2021-04-27T16:08:35 IST" duration-ms="4448" status="PASS">
          <reporter-output>
          </reporter-output>
        </test-method> <!-- Test13 -->
        <test-method is-config="true" signature="terminate()[pri:0, instance:NewTest@61d6015a]" started-at="2021-04-27T16:08:35 IST" name="terminate" finished-at="2021-04-27T16:08:36 IST" duration-ms="764" status="PASS">
          <reporter-output>
          </reporter-output>
        </test-method> <!-- terminate -->
      </class> <!-- NewTest -->
    </test> <!-- Default test -->
  </suite> <!-- Default suite -->
</testng-results>
