<?xml version="1.0" encoding="UTF-8"?>
<!-- Generated by org.testng.reporters.JUnitXMLReporter -->
<testsuite ignored="0" hostname="DESKTOP-ET6RIT7" failures="0" tests="13" name="Default test" time="81.757" errors="0" timestamp="2021-04-27T16:08:37 IST">
  <testcase classname="NewTest" name="Test1" time="6.283"/>
  <testcase classname="NewTest" name="Test2" time="3.255"/>
  <testcase classname="NewTest" name="Test3" time="4.643"/>
  <testcase classname="NewTest" name="Test4" time="3.484"/>
  <testcase classname="NewTest" name="Test5" time="3.956"/>
  <testcase classname="NewTest" name="Test6" time="3.362"/>
  <testcase classname="NewTest" name="Test7" time="3.319"/>
  <testcase classname="NewTest" name="Test8" time="2.815"/>
  <testcase classname="NewTest" name="Test9" time="3.606"/>
  <testcase classname="NewTest" name="Test10" time="10.861"/>
  <testcase classname="NewTest" name="Test11" time="8.825"/>
  <testcase classname="NewTest" name="Test12" time="7.02"/>
  <testcase classname="NewTest" name="Test13" time="4.448"/>
</testsuite> <!-- Default test -->
